{"/Users/qapita-mohammad-ikram/Documents/learning/react-testing/src/App.tsx": {"path":"/Users/qapita-mohammad-ikram/Documents/learning/react-testing/src/App.tsx","all":false,"statementMap":{"0":{"start":{"line":1,"column":0},"end":{"line":1,"column":33}},"1":{"start":{"line":2,"column":0},"end":{"line":2,"column":50}},"3":{"start":{"line":4,"column":0},"end":{"line":4,"column":31}},"4":{"start":{"line":5,"column":0},"end":{"line":5,"column":46}},"5":{"start":{"line":6,"column":0},"end":{"line":6,"column":36}},"6":{"start":{"line":7,"column":0},"end":{"line":7,"column":39}},"7":{"start":{"line":8,"column":0},"end":{"line":8,"column":4}},"8":{"start":{"line":9,"column":0},"end":{"line":9,"column":10}},"9":{"start":{"line":10,"column":0},"end":{"line":10,"column":39}},"10":{"start":{"line":11,"column":0},"end":{"line":11,"column":40}},"11":{"start":{"line":12,"column":0},"end":{"line":12,"column":12}},"12":{"start":{"line":13,"column":0},"end":{"line":13,"column":53}},"13":{"start":{"line":14,"column":0},"end":{"line":14,"column":10}},"15":{"start":{"line":16,"column":0},"end":{"line":16,"column":1}}},"s":{"0":1,"1":1,"3":2,"4":2,"5":2,"6":1,"7":1,"8":2,"9":2,"10":2,"11":2,"12":2,"13":2,"15":2},"branchMap":{"0":{"type":"branch","line":4,"loc":{"start":{"line":4,"column":0},"end":{"line":16,"column":1}},"locations":[{"start":{"line":4,"column":0},"end":{"line":16,"column":1}}]},"1":{"type":"branch","line":6,"loc":{"start":{"line":6,"column":20},"end":{"line":8,"column":4}},"locations":[{"start":{"line":6,"column":20},"end":{"line":8,"column":4}}]},"2":{"type":"branch","line":7,"loc":{"start":{"line":7,"column":12},"end":{"line":7,"column":37}},"locations":[{"start":{"line":7,"column":12},"end":{"line":7,"column":37}}]}},"b":{"0":[2],"1":[1],"2":[1]},"fnMap":{"0":{"name":"App","decl":{"start":{"line":4,"column":0},"end":{"line":16,"column":1}},"loc":{"start":{"line":4,"column":0},"end":{"line":16,"column":1}},"line":4},"1":{"name":"onAddUser","decl":{"start":{"line":6,"column":20},"end":{"line":8,"column":4}},"loc":{"start":{"line":6,"column":20},"end":{"line":8,"column":4}},"line":6}},"f":{"0":2,"1":1}}
,"/Users/qapita-mohammad-ikram/Documents/learning/react-testing/src/main.tsx": {"path":"/Users/qapita-mohammad-ikram/Documents/learning/react-testing/src/main.tsx","all":true,"statementMap":{"0":{"start":{"line":1,"column":0},"end":{"line":1,"column":25}},"1":{"start":{"line":2,"column":0},"end":{"line":2,"column":39}},"2":{"start":{"line":3,"column":0},"end":{"line":3,"column":27}},"3":{"start":{"line":4,"column":0},"end":{"line":4,"column":20}},"5":{"start":{"line":6,"column":0},"end":{"line":6,"column":61}},"6":{"start":{"line":7,"column":0},"end":{"line":7,"column":20}},"7":{"start":{"line":8,"column":0},"end":{"line":8,"column":11}},"8":{"start":{"line":9,"column":0},"end":{"line":9,"column":22}},"9":{"start":{"line":10,"column":0},"end":{"line":10,"column":1}}},"s":{"0":0,"1":0,"2":0,"3":0,"5":0,"6":0,"7":0,"8":0,"9":0},"branchMap":{"0":{"type":"branch","line":1,"loc":{"start":{"line":1,"column":235},"end":{"line":10,"column":1}},"locations":[{"start":{"line":1,"column":235},"end":{"line":10,"column":1}}]}},"b":{"0":[0]},"fnMap":{"0":{"name":"(empty-report)","decl":{"start":{"line":1,"column":235},"end":{"line":10,"column":1}},"loc":{"start":{"line":1,"column":235},"end":{"line":10,"column":1}},"line":1}},"f":{"0":0}}
,"/Users/qapita-mohammad-ikram/Documents/learning/react-testing/src/components/UserForm.tsx": {"path":"/Users/qapita-mohammad-ikram/Documents/learning/react-testing/src/components/UserForm.tsx","all":false,"statementMap":{"0":{"start":{"line":1,"column":0},"end":{"line":1,"column":33}},"6":{"start":{"line":7,"column":0},"end":{"line":7,"column":36}},"7":{"start":{"line":8,"column":0},"end":{"line":8,"column":46}},"10":{"start":{"line":11,"column":0},"end":{"line":11,"column":6}},"11":{"start":{"line":12,"column":0},"end":{"line":12,"column":15}},"12":{"start":{"line":13,"column":0},"end":{"line":13,"column":16}},"13":{"start":{"line":14,"column":0},"end":{"line":14,"column":5}},"14":{"start":{"line":15,"column":0},"end":{"line":15,"column":30}},"16":{"start":{"line":17,"column":0},"end":{"line":17,"column":72}},"17":{"start":{"line":18,"column":0},"end":{"line":18,"column":33}},"18":{"start":{"line":19,"column":0},"end":{"line":19,"column":48}},"19":{"start":{"line":20,"column":0},"end":{"line":20,"column":4}},"20":{"start":{"line":21,"column":0},"end":{"line":21,"column":73}},"21":{"start":{"line":22,"column":0},"end":{"line":22,"column":33}},"22":{"start":{"line":23,"column":0},"end":{"line":23,"column":49}},"23":{"start":{"line":24,"column":0},"end":{"line":24,"column":4}},"24":{"start":{"line":25,"column":0},"end":{"line":25,"column":10}},"25":{"start":{"line":26,"column":0},"end":{"line":26,"column":9}},"26":{"start":{"line":27,"column":0},"end":{"line":27,"column":24}},"27":{"start":{"line":28,"column":0},"end":{"line":28,"column":27}},"28":{"start":{"line":29,"column":0},"end":{"line":29,"column":29}},"29":{"start":{"line":30,"column":0},"end":{"line":30,"column":22}},"30":{"start":{"line":31,"column":0},"end":{"line":31,"column":21}},"31":{"start":{"line":32,"column":0},"end":{"line":32,"column":22}},"32":{"start":{"line":33,"column":0},"end":{"line":33,"column":11}},"33":{"start":{"line":34,"column":0},"end":{"line":34,"column":8}},"35":{"start":{"line":36,"column":0},"end":{"line":36,"column":11}},"36":{"start":{"line":37,"column":0},"end":{"line":37,"column":42}},"37":{"start":{"line":38,"column":0},"end":{"line":38,"column":14}},"38":{"start":{"line":39,"column":0},"end":{"line":39,"column":19}},"39":{"start":{"line":40,"column":0},"end":{"line":40,"column":28}},"40":{"start":{"line":41,"column":0},"end":{"line":41,"column":37}},"41":{"start":{"line":42,"column":0},"end":{"line":42,"column":38}},"42":{"start":{"line":43,"column":0},"end":{"line":43,"column":10}},"43":{"start":{"line":44,"column":0},"end":{"line":44,"column":12}},"44":{"start":{"line":45,"column":0},"end":{"line":45,"column":11}},"45":{"start":{"line":46,"column":0},"end":{"line":46,"column":44}},"46":{"start":{"line":47,"column":0},"end":{"line":47,"column":14}},"47":{"start":{"line":48,"column":0},"end":{"line":48,"column":20}},"48":{"start":{"line":49,"column":0},"end":{"line":49,"column":29}},"49":{"start":{"line":50,"column":0},"end":{"line":50,"column":38}},"50":{"start":{"line":51,"column":0},"end":{"line":51,"column":39}},"51":{"start":{"line":52,"column":0},"end":{"line":52,"column":10}},"52":{"start":{"line":53,"column":0},"end":{"line":53,"column":12}},"53":{"start":{"line":54,"column":0},"end":{"line":54,"column":45}},"54":{"start":{"line":55,"column":0},"end":{"line":55,"column":11}},"56":{"start":{"line":57,"column":0},"end":{"line":57,"column":2}}},"s":{"0":1,"6":1,"7":77,"10":77,"11":77,"12":77,"13":77,"14":77,"16":77,"17":13,"18":13,"19":13,"20":77,"21":57,"22":57,"23":57,"24":77,"25":77,"26":77,"27":3,"28":3,"29":3,"30":3,"31":3,"32":3,"33":3,"35":77,"36":77,"37":77,"38":77,"39":77,"40":77,"41":77,"42":77,"43":77,"44":77,"45":77,"46":77,"47":77,"48":77,"49":77,"50":77,"51":77,"52":77,"53":77,"54":77,"56":77},"branchMap":{"0":{"type":"branch","line":7,"loc":{"start":{"line":7,"column":17},"end":{"line":57,"column":2}},"locations":[{"start":{"line":7,"column":17},"end":{"line":57,"column":2}}]},"1":{"type":"branch","line":42,"loc":{"start":{"line":42,"column":27},"end":{"line":42,"column":38}},"locations":[{"start":{"line":42,"column":27},"end":{"line":42,"column":38}}]},"2":{"type":"branch","line":51,"loc":{"start":{"line":51,"column":27},"end":{"line":51,"column":39}},"locations":[{"start":{"line":51,"column":27},"end":{"line":51,"column":39}}]},"3":{"type":"branch","line":17,"loc":{"start":{"line":17,"column":27},"end":{"line":20,"column":4}},"locations":[{"start":{"line":17,"column":27},"end":{"line":20,"column":4}}]},"4":{"type":"branch","line":21,"loc":{"start":{"line":21,"column":28},"end":{"line":24,"column":4}},"locations":[{"start":{"line":21,"column":28},"end":{"line":24,"column":4}}]},"5":{"type":"branch","line":27,"loc":{"start":{"line":27,"column":16},"end":{"line":34,"column":8}},"locations":[{"start":{"line":27,"column":16},"end":{"line":34,"column":8}}]}},"b":{"0":[77],"1":[7],"2":[20],"3":[13],"4":[57],"5":[3]},"fnMap":{"0":{"name":"UserForm","decl":{"start":{"line":7,"column":17},"end":{"line":57,"column":2}},"loc":{"start":{"line":7,"column":17},"end":{"line":57,"column":2}},"line":7},"1":{"name":"handleNameChange","decl":{"start":{"line":17,"column":27},"end":{"line":20,"column":4}},"loc":{"start":{"line":17,"column":27},"end":{"line":20,"column":4}},"line":17},"2":{"name":"handleEmailChange","decl":{"start":{"line":21,"column":28},"end":{"line":24,"column":4}},"loc":{"start":{"line":21,"column":28},"end":{"line":24,"column":4}},"line":21},"3":{"name":"onSubmit","decl":{"start":{"line":27,"column":16},"end":{"line":34,"column":8}},"loc":{"start":{"line":27,"column":16},"end":{"line":34,"column":8}},"line":27}},"f":{"0":77,"1":13,"2":57,"3":3}}
,"/Users/qapita-mohammad-ikram/Documents/learning/react-testing/src/components/UserList.tsx": {"path":"/Users/qapita-mohammad-ikram/Documents/learning/react-testing/src/components/UserList.tsx","all":false,"statementMap":{"0":{"start":{"line":1,"column":0},"end":{"line":1,"column":27}},"2":{"start":{"line":3,"column":0},"end":{"line":3,"column":53}},"3":{"start":{"line":4,"column":0},"end":{"line":4,"column":45}},"4":{"start":{"line":5,"column":0},"end":{"line":5,"column":39}},"5":{"start":{"line":6,"column":0},"end":{"line":6,"column":26}},"6":{"start":{"line":7,"column":0},"end":{"line":7,"column":27}},"7":{"start":{"line":8,"column":0},"end":{"line":8,"column":9}},"8":{"start":{"line":9,"column":0},"end":{"line":9,"column":5}},"9":{"start":{"line":10,"column":0},"end":{"line":10,"column":10}},"10":{"start":{"line":11,"column":0},"end":{"line":11,"column":11}},"11":{"start":{"line":12,"column":0},"end":{"line":12,"column":13}},"12":{"start":{"line":13,"column":0},"end":{"line":13,"column":12}},"13":{"start":{"line":14,"column":0},"end":{"line":14,"column":23}},"14":{"start":{"line":15,"column":0},"end":{"line":15,"column":24}},"15":{"start":{"line":16,"column":0},"end":{"line":16,"column":13}},"16":{"start":{"line":17,"column":0},"end":{"line":17,"column":14}},"17":{"start":{"line":18,"column":0},"end":{"line":18,"column":56}},"18":{"start":{"line":19,"column":0},"end":{"line":19,"column":12}},"20":{"start":{"line":21,"column":0},"end":{"line":21,"column":2}}},"s":{"0":1,"2":1,"3":4,"4":5,"5":5,"6":5,"7":5,"8":4,"9":4,"10":4,"11":4,"12":4,"13":4,"14":4,"15":4,"16":4,"17":4,"18":4,"20":4},"branchMap":{"0":{"type":"branch","line":3,"loc":{"start":{"line":3,"column":37},"end":{"line":21,"column":2}},"locations":[{"start":{"line":3,"column":37},"end":{"line":21,"column":2}}]},"1":{"type":"branch","line":4,"loc":{"start":{"line":4,"column":34},"end":{"line":8,"column":9}},"locations":[{"start":{"line":4,"column":34},"end":{"line":8,"column":9}}]}},"b":{"0":[4],"1":[5]},"fnMap":{"0":{"name":"UserList","decl":{"start":{"line":3,"column":37},"end":{"line":21,"column":2}},"loc":{"start":{"line":3,"column":37},"end":{"line":21,"column":2}},"line":3}},"f":{"0":4}}
,"/Users/qapita-mohammad-ikram/Documents/learning/react-testing/src/components/index.ts": {"path":"/Users/qapita-mohammad-ikram/Documents/learning/react-testing/src/components/index.ts","all":false,"statementMap":{"0":{"start":{"line":1,"column":0},"end":{"line":1,"column":26}},"1":{"start":{"line":2,"column":0},"end":{"line":2,"column":26}}},"s":{"0":1,"1":1},"branchMap":{},"b":{},"fnMap":{},"f":{}}
,"/Users/qapita-mohammad-ikram/Documents/learning/react-testing/src/hooks/useProduct.ts": {"path":"/Users/qapita-mohammad-ikram/Documents/learning/react-testing/src/hooks/useProduct.ts","all":true,"statementMap":{"0":{"start":{"line":1,"column":0},"end":{"line":1,"column":50}},"1":{"start":{"line":2,"column":0},"end":{"line":2,"column":33}},"2":{"start":{"line":3,"column":0},"end":{"line":3,"column":25}},"4":{"start":{"line":5,"column":0},"end":{"line":5,"column":16}},"6":{"start":{"line":7,"column":0},"end":{"line":7,"column":20}},"7":{"start":{"line":8,"column":0},"end":{"line":8,"column":37}},"8":{"start":{"line":9,"column":0},"end":{"line":9,"column":19}},"9":{"start":{"line":10,"column":0},"end":{"line":10,"column":55}},"10":{"start":{"line":11,"column":0},"end":{"line":11,"column":12}},"11":{"start":{"line":12,"column":0},"end":{"line":12,"column":32}},"12":{"start":{"line":13,"column":0},"end":{"line":13,"column":41}},"13":{"start":{"line":14,"column":0},"end":{"line":14,"column":36}},"14":{"start":{"line":15,"column":0},"end":{"line":15,"column":49}},"15":{"start":{"line":16,"column":0},"end":{"line":16,"column":55}},"16":{"start":{"line":17,"column":0},"end":{"line":17,"column":63}},"17":{"start":{"line":18,"column":0},"end":{"line":18,"column":6}},"18":{"start":{"line":19,"column":0},"end":{"line":19,"column":5}},"19":{"start":{"line":20,"column":0},"end":{"line":20,"column":34}},"20":{"start":{"line":21,"column":0},"end":{"line":21,"column":15}},"21":{"start":{"line":22,"column":0},"end":{"line":22,"column":2}},"23":{"start":{"line":24,"column":0},"end":{"line":24,"column":27}},"24":{"start":{"line":25,"column":0},"end":{"line":25,"column":38}},"25":{"start":{"line":26,"column":0},"end":{"line":26,"column":37}},"26":{"start":{"line":27,"column":0},"end":{"line":27,"column":30}},"27":{"start":{"line":28,"column":0},"end":{"line":28,"column":20}},"28":{"start":{"line":29,"column":0},"end":{"line":29,"column":5}},"29":{"start":{"line":30,"column":0},"end":{"line":30,"column":31}},"30":{"start":{"line":31,"column":0},"end":{"line":31,"column":31}},"31":{"start":{"line":32,"column":0},"end":{"line":32,"column":32}},"32":{"start":{"line":33,"column":0},"end":{"line":33,"column":29}},"33":{"start":{"line":34,"column":0},"end":{"line":34,"column":5}},"34":{"start":{"line":35,"column":0},"end":{"line":35,"column":4}},"36":{"start":{"line":37,"column":0},"end":{"line":37,"column":10}},"37":{"start":{"line":38,"column":0},"end":{"line":38,"column":47}},"38":{"start":{"line":39,"column":0},"end":{"line":39,"column":25}},"39":{"start":{"line":40,"column":0},"end":{"line":40,"column":14}},"40":{"start":{"line":41,"column":0},"end":{"line":41,"column":4}},"41":{"start":{"line":42,"column":0},"end":{"line":42,"column":2}},"43":{"start":{"line":44,"column":0},"end":{"line":44,"column":77}},"45":{"start":{"line":46,"column":0},"end":{"line":46,"column":27}}},"s":{"0":0,"1":0,"2":0,"4":0,"6":0,"7":0,"8":0,"9":0,"10":0,"11":0,"12":0,"13":0,"14":0,"15":0,"16":0,"17":0,"18":0,"19":0,"20":0,"21":0,"23":0,"24":0,"25":0,"26":0,"27":0,"28":0,"29":0,"30":0,"31":0,"32":0,"33":0,"34":0,"36":0,"37":0,"38":0,"39":0,"40":0,"41":0,"43":0,"45":0},"branchMap":{"0":{"type":"branch","line":1,"loc":{"start":{"line":1,"column":0},"end":{"line":46,"column":-334}},"locations":[{"start":{"line":1,"column":0},"end":{"line":46,"column":-334}}]}},"b":{"0":[0]},"fnMap":{"0":{"name":"(empty-report)","decl":{"start":{"line":1,"column":0},"end":{"line":46,"column":-334}},"loc":{"start":{"line":1,"column":0},"end":{"line":46,"column":-334}},"line":1}},"f":{"0":0}}
}
